[2024-06-29 23:58:47,734: INFO: main:  Hello from prathi's custom log]
[2024-06-30 02:22:25,384: INFO: common: yaml file: config\config.yaml loaded successfully]
[2024-06-30 02:22:25,396: INFO: common: yaml file: params.yaml loaded successfully]
[2024-06-30 02:29:55,350: INFO: common: yaml file: config\config.yaml loaded successfully]
[2024-06-30 02:29:55,351: INFO: common: yaml file: params.yaml loaded successfully]
[2024-06-30 02:30:29,021: INFO: common: yaml file: config\config.yaml loaded successfully]
[2024-06-30 02:30:29,024: INFO: common: yaml file: params.yaml loaded successfully]
[2024-06-30 02:30:34,592: INFO: common: yaml file: config\config.yaml loaded successfully]
[2024-06-30 02:30:34,592: INFO: common: yaml file: params.yaml loaded successfully]
[2024-06-30 02:34:03,949: INFO: common: yaml file: config\config.yaml loaded successfully]
[2024-06-30 02:34:03,950: INFO: common: yaml file: params.yaml loaded successfully]
[2024-06-30 02:35:52,079: INFO: common: yaml file: config\config.yaml loaded successfully]
[2024-06-30 02:35:52,080: INFO: common: yaml file: params.yaml loaded successfully]
[2024-06-30 03:04:49,286: INFO: common: yaml file: config\config.yaml loaded successfully]
[2024-06-30 03:04:49,288: INFO: common: yaml file: params.yaml loaded successfully]
[2024-06-30 03:07:06,587: INFO: common: yaml file: config\config.yaml loaded successfully]
[2024-06-30 03:07:06,588: INFO: common: yaml file: params.yaml loaded successfully]
[2024-06-30 03:12:55,842: INFO: common: yaml file: config\config.yaml loaded successfully {'artifacts_root': 'artifacts', 'data_ingestion': {'root_dir': 'artifacts/data_ingestion', 'source_URL': 's3://image-dataset-mlops/kidney-image/', 'local_data_file': 'artifacts/data_ingestion/data.zip', 'unzip_dir': 'artifacts/data_ingestion'}}]
[2024-06-30 03:12:55,842: INFO: common: yaml file: params.yaml loaded successfully key:val]
[2024-06-30 03:19:39,399: INFO: common: yaml file: config\config.yaml loaded successfully {'artifacts_root': 'artifacts', 'data_ingestion': {'root_dir': 'artifacts/data_ingestion', 'source_URL': 's3://image-dataset-mlops/kidney-image/', 'local_data_file': 'artifacts/data_ingestion/data.zip', 'unzip_dir': 'artifacts/data_ingestion'}}]
[2024-06-30 03:19:39,405: INFO: common: yaml file: params.yaml loaded successfully {'key': 'val'}]
[2024-06-30 03:19:39,408: INFO: common: created directory at: artifacts]
[2024-06-30 03:19:39,408: INFO: common: created directory at: artifacts/data_ingestion]
[2024-06-30 03:29:01,621: INFO: common: yaml file: config\config.yaml loaded successfully {'artifacts_root': 'artifacts', 'data_ingestion': {'root_dir': 'artifacts/data_ingestion', 'source_URL': 's3://image-dataset-mlops/kidney-image/', 'local_data_file': 'artifacts/data_ingestion/data.zip', 'unzip_dir': 'artifacts/data_ingestion'}}]
[2024-06-30 03:29:01,622: INFO: common: yaml file: params.yaml loaded successfully {'key': 'val'}]
[2024-06-30 03:29:01,624: INFO: common: created directory at: artifacts]
[2024-06-30 03:29:01,624: INFO: common: created directory at: artifacts/data_ingestion]
[2024-06-30 03:29:01,626: INFO: 3532627574: Downloading data from s3://image-dataset-mlops/kidney-image/ into file artifacts/data_ingestion/data.zip]
[2024-06-30 03:29:01,638: INFO: credentials: Found credentials in shared credentials file: ~/.aws/credentials]
[2024-06-30 03:29:02,297: INFO: 3532627574: Downloaded data from image-dataset-mlops/kidney-image/ into file artifacts/data_ingestion/data.zip]
[2024-06-30 03:31:27,479: INFO: common: yaml file: config\config.yaml loaded successfully {'artifacts_root': 'artifacts', 'data_ingestion': {'root_dir': 'artifacts/data_ingestion', 'source_URL': 's3://image-dataset-mlops/kidney-image/', 'local_data_file': 'artifacts/data_ingestion/data.zip', 'unzip_dir': 'artifacts/data_ingestion'}}]
[2024-06-30 03:31:27,482: INFO: common: yaml file: params.yaml loaded successfully {'key': 'val'}]
[2024-06-30 03:31:27,482: INFO: common: created directory at: artifacts]
[2024-06-30 03:31:27,482: INFO: common: created directory at: artifacts/data_ingestion]
[2024-06-30 03:31:27,485: INFO: 1431902254: Downloading data from s3://image-dataset-mlops/kidney-image/ into file artifacts/data_ingestion/data.zip]
[2024-06-30 03:31:27,999: INFO: 1431902254: Downloaded data from image-dataset-mlops/kidney-image/ into file artifacts/data_ingestion/data.zip]
[2024-06-30 03:32:36,138: INFO: common: yaml file: config\config.yaml loaded successfully {'artifacts_root': 'artifacts', 'data_ingestion': {'root_dir': 'artifacts/data_ingestion', 'source_URL': 's3://image-dataset-mlops/kidney-image/kidney_scan_images.zip', 'local_data_file': 'artifacts/data_ingestion/data.zip', 'unzip_dir': 'artifacts/data_ingestion'}}]
[2024-06-30 03:32:36,139: INFO: common: yaml file: params.yaml loaded successfully {'key': 'val'}]
[2024-06-30 03:32:36,140: INFO: common: created directory at: artifacts]
[2024-06-30 03:32:36,141: INFO: common: created directory at: artifacts/data_ingestion]
[2024-06-30 03:32:36,141: INFO: 1431902254: Downloading data from s3://image-dataset-mlops/kidney-image/kidney_scan_images.zip into file artifacts/data_ingestion/data.zip]
[2024-06-30 03:32:47,910: INFO: 1431902254: Downloaded data from image-dataset-mlops/kidney-image/kidney_scan_images.zip into file artifacts/data_ingestion/data.zip]
[2024-06-30 11:02:06,817: INFO: main: >>>> stage Data Ingestion Stage has started <<<<<]
[2024-06-30 11:02:06,817: INFO: common: yaml file: config\config.yaml loaded successfully {'artifacts_root': 'artifacts', 'data_ingestion': {'root_dir': 'artifacts/data_ingestion', 'source_URL': 's3://image-dataset-mlops/kidney-image/kidney_scan_images.zip', 'local_data_file': 'artifacts/data_ingestion/data.zip', 'unzip_dir': 'artifacts/data_ingestion'}}]
[2024-06-30 11:02:06,835: INFO: common: yaml file: params.yaml loaded successfully {'key': 'val'}]
[2024-06-30 11:02:06,836: INFO: common: created directory at: artifacts]
[2024-06-30 11:02:06,836: INFO: common: created directory at: artifacts/data_ingestion]
[2024-06-30 11:02:06,837: INFO: data_ingestion: Downloading data from s3://image-dataset-mlops/kidney-image/kidney_scan_images.zip into file artifacts/data_ingestion/data.zip]
[2024-06-30 11:02:06,852: INFO: credentials: Found credentials in shared credentials file: ~/.aws/credentials]
[2024-06-30 11:02:19,597: INFO: data_ingestion: Downloaded data from image-dataset-mlops/kidney-image/kidney_scan_images.zip into file artifacts/data_ingestion/data.zip]
[2024-06-30 11:02:20,085: INFO: main: >>>> stage Data Ingestion Stage has completed <<<<<]
[2024-06-30 13:04:50,582: INFO: common: yaml file: config\config.yaml loaded successfully {'artifacts_root': 'artifacts', 'data_ingestion': {'root_dir': 'artifacts/data_ingestion', 'source_URL': 's3://image-dataset-mlops/kidney-image/kidney_scan_images.zip', 'local_data_file': 'artifacts/data_ingestion/data.zip', 'unzip_dir': 'artifacts/data_ingestion'}, 'prepare_base_model': {'root_dir': 'artifacts/prepare_base_model', 'base_model_path': 'artifacts/prepare_base_model/base_model.h5', 'updated_base_model_path': 'artifacts/prepare_base_model/base_model_updated.h5'}}]
[2024-06-30 13:04:50,590: INFO: common: yaml file: params.yaml loaded successfully {'AUGMENTATION': True, 'IMAGE_SIZE': [224, 224, 3], 'BATCH_SIZE': 16, 'INCLUDE_TOP': False, 'EPOCHS': 1, 'CLASSES': 2, 'WEIGHTS': 'imagenet', 'LEARNING_RATE': 0.01}]
[2024-06-30 13:04:50,591: INFO: common: created directory at: artifacts]
[2024-06-30 13:04:50,591: INFO: common: created directory at: artifacts/prepare_base_model]
[2024-06-30 13:05:02,064: WARNING: saving_utils: Compiled the loaded model, but the compiled metrics have yet to be built. `model.compile_metrics` will be empty until you train or evaluate the model.]
[2024-06-30 15:21:20,171: INFO: main: >>>> stage Data Ingestion Stage has started <<<<<]
[2024-06-30 15:21:20,174: INFO: common: yaml file: config\config.yaml loaded successfully {'artifacts_root': 'artifacts', 'data_ingestion': {'root_dir': 'artifacts/data_ingestion', 'source_URL': 's3://image-dataset-mlops/kidney-image/kidney_scan_images.zip', 'local_data_file': 'artifacts/data_ingestion/data.zip', 'unzip_dir': 'artifacts/data_ingestion'}, 'prepare_base_model': {'root_dir': 'artifacts/prepare_base_model', 'base_model_path': 'artifacts/prepare_base_model/base_model.h5', 'updated_base_model_path': 'artifacts/prepare_base_model/base_model_updated.h5'}}]
[2024-06-30 15:21:20,178: INFO: common: yaml file: params.yaml loaded successfully {'AUGMENTATION': True, 'IMAGE_SIZE': [224, 224, 3], 'BATCH_SIZE': 16, 'INCLUDE_TOP': False, 'EPOCHS': 1, 'CLASSES': 2, 'WEIGHTS': 'imagenet', 'LEARNING_RATE': 0.01}]
[2024-06-30 15:21:20,178: INFO: common: created directory at: artifacts]
[2024-06-30 15:21:20,179: INFO: common: created directory at: artifacts/data_ingestion]
[2024-06-30 15:21:20,179: INFO: data_ingestion: Downloading data from s3://image-dataset-mlops/kidney-image/kidney_scan_images.zip into file artifacts/data_ingestion/data.zip]
[2024-06-30 15:21:20,206: INFO: credentials: Found credentials in shared credentials file: ~/.aws/credentials]
[2024-06-30 15:21:32,335: INFO: data_ingestion: Downloaded data from image-dataset-mlops/kidney-image/kidney_scan_images.zip into file artifacts/data_ingestion/data.zip]
[2024-06-30 15:21:32,879: INFO: main: >>>> stage Data Ingestion Stage has completed <<<<<]
[2024-06-30 15:21:32,880: INFO: main: *******************]
[2024-06-30 15:21:32,880: INFO: main: >>>>>> stage Prepare base model started <<<<<<]
[2024-06-30 15:21:32,882: INFO: common: yaml file: config\config.yaml loaded successfully {'artifacts_root': 'artifacts', 'data_ingestion': {'root_dir': 'artifacts/data_ingestion', 'source_URL': 's3://image-dataset-mlops/kidney-image/kidney_scan_images.zip', 'local_data_file': 'artifacts/data_ingestion/data.zip', 'unzip_dir': 'artifacts/data_ingestion'}, 'prepare_base_model': {'root_dir': 'artifacts/prepare_base_model', 'base_model_path': 'artifacts/prepare_base_model/base_model.h5', 'updated_base_model_path': 'artifacts/prepare_base_model/base_model_updated.h5'}}]
[2024-06-30 15:21:32,883: INFO: common: yaml file: params.yaml loaded successfully {'AUGMENTATION': True, 'IMAGE_SIZE': [224, 224, 3], 'BATCH_SIZE': 16, 'INCLUDE_TOP': False, 'EPOCHS': 1, 'CLASSES': 2, 'WEIGHTS': 'imagenet', 'LEARNING_RATE': 0.01}]
[2024-06-30 15:21:32,883: INFO: common: created directory at: artifacts]
[2024-06-30 15:21:32,884: INFO: common: created directory at: artifacts/prepare_base_model]
[2024-06-30 15:21:33,247: WARNING: saving_utils: Compiled the loaded model, but the compiled metrics have yet to be built. `model.compile_metrics` will be empty until you train or evaluate the model.]
[2024-06-30 15:21:33,382: INFO: main: >>>>>> stage Prepare base model completed <<<<<<

x==========x]
[2024-06-30 15:42:21,002: INFO: common: yaml file: config\config.yaml loaded successfully {'artifacts_root': 'artifacts', 'data_ingestion': {'root_dir': 'artifacts/data_ingestion', 'source_URL': 's3://image-dataset-mlops/kidney-image/kidney_scan_images.zip', 'local_data_file': 'artifacts/data_ingestion/data.zip', 'unzip_dir': 'artifacts/data_ingestion'}, 'prepare_base_model': {'root_dir': 'artifacts/prepare_base_model', 'base_model_path': 'artifacts/prepare_base_model/base_model.h5', 'updated_base_model_path': 'artifacts/prepare_base_model/base_model_updated.h5'}, 'training': {'root_dir': 'artifacts/training', 'trained_model_path': 'artifacts/training/model.h5'}}]
[2024-06-30 15:42:21,004: INFO: common: yaml file: params.yaml loaded successfully {'AUGMENTATION': True, 'IMAGE_SIZE': [224, 224, 3], 'BATCH_SIZE': 16, 'INCLUDE_TOP': False, 'EPOCHS': 1, 'CLASSES': 2, 'WEIGHTS': 'imagenet', 'LEARNING_RATE': 0.01}]
[2024-06-30 15:42:21,004: INFO: common: created directory at: artifacts]
[2024-06-30 15:42:21,004: INFO: common: created directory at: artifacts\training]
[2024-06-30 15:44:33,029: INFO: common: yaml file: config\config.yaml loaded successfully {'artifacts_root': 'artifacts', 'data_ingestion': {'root_dir': 'artifacts/data_ingestion', 'source_URL': 's3://image-dataset-mlops/kidney-image/kidney_scan_images.zip', 'local_data_file': 'artifacts/data_ingestion/data.zip', 'unzip_dir': 'artifacts/data_ingestion'}, 'prepare_base_model': {'root_dir': 'artifacts/prepare_base_model', 'base_model_path': 'artifacts/prepare_base_model/base_model.h5', 'updated_base_model_path': 'artifacts/prepare_base_model/base_model_updated.h5'}, 'training': {'root_dir': 'artifacts/training', 'trained_model_path': 'artifacts/training/model.h5'}}]
[2024-06-30 15:44:33,033: INFO: common: yaml file: params.yaml loaded successfully {'AUGMENTATION': True, 'IMAGE_SIZE': [224, 224, 3], 'BATCH_SIZE': 16, 'INCLUDE_TOP': False, 'EPOCHS': 1, 'CLASSES': 2, 'WEIGHTS': 'imagenet', 'LEARNING_RATE': 0.01}]
[2024-06-30 15:44:33,034: INFO: common: created directory at: artifacts]
[2024-06-30 15:44:33,035: INFO: common: created directory at: artifacts\training]
[2024-06-30 16:01:01,589: INFO: common: yaml file: config\config.yaml loaded successfully {'artifacts_root': 'artifacts', 'data_ingestion': {'root_dir': 'artifacts/data_ingestion', 'source_URL': 's3://image-dataset-mlops/kidney-image/kidney_scan_images.zip', 'local_data_file': 'artifacts/data_ingestion/data.zip', 'unzip_dir': 'artifacts/data_ingestion'}, 'prepare_base_model': {'root_dir': 'artifacts/prepare_base_model', 'base_model_path': 'artifacts/prepare_base_model/base_model.h5', 'updated_base_model_path': 'artifacts/prepare_base_model/base_model_updated.h5'}, 'training': {'root_dir': 'artifacts/training', 'trained_model_path': 'artifacts/training/model.h5'}}]
[2024-06-30 16:01:01,597: INFO: common: yaml file: params.yaml loaded successfully {'AUGMENTATION': True, 'IMAGE_SIZE': [224, 224, 3], 'BATCH_SIZE': 16, 'INCLUDE_TOP': False, 'EPOCHS': 5, 'CLASSES': 2, 'WEIGHTS': 'imagenet', 'LEARNING_RATE': 0.01}]
[2024-06-30 16:01:01,597: INFO: common: created directory at: artifacts]
[2024-06-30 16:01:01,597: INFO: common: created directory at: artifacts\training]
[2024-06-30 16:36:38,443: INFO: main: >>>> stage Data Ingestion Stage has started <<<<<]
[2024-06-30 16:36:38,453: INFO: common: yaml file: config\config.yaml loaded successfully {'artifacts_root': 'artifacts', 'data_ingestion': {'root_dir': 'artifacts/data_ingestion', 'source_URL': 's3://image-dataset-mlops/kidney-image/kidney_scan_images.zip', 'local_data_file': 'artifacts/data_ingestion/data.zip', 'unzip_dir': 'artifacts/data_ingestion'}, 'prepare_base_model': {'root_dir': 'artifacts/prepare_base_model', 'base_model_path': 'artifacts/prepare_base_model/base_model.h5', 'updated_base_model_path': 'artifacts/prepare_base_model/base_model_updated.h5'}, 'training': {'root_dir': 'artifacts/training', 'trained_model_path': 'artifacts/training/model.h5'}}]
[2024-06-30 16:36:38,458: INFO: common: yaml file: params.yaml loaded successfully {'AUGMENTATION': True, 'IMAGE_SIZE': [224, 224, 3], 'BATCH_SIZE': 16, 'INCLUDE_TOP': False, 'EPOCHS': 5, 'CLASSES': 2, 'WEIGHTS': 'imagenet', 'LEARNING_RATE': 0.01}]
[2024-06-30 16:36:38,458: INFO: common: created directory at: artifacts]
[2024-06-30 16:36:38,463: INFO: common: created directory at: artifacts/data_ingestion]
[2024-06-30 16:36:38,468: INFO: data_ingestion: Downloading data from s3://image-dataset-mlops/kidney-image/kidney_scan_images.zip into file artifacts/data_ingestion/data.zip]
[2024-06-30 16:36:38,493: INFO: credentials: Found credentials in shared credentials file: ~/.aws/credentials]
[2024-06-30 16:36:51,959: INFO: data_ingestion: Downloaded data from image-dataset-mlops/kidney-image/kidney_scan_images.zip into file artifacts/data_ingestion/data.zip]
[2024-06-30 16:36:52,861: INFO: main: >>>> stage Data Ingestion Stage has completed <<<<<]
[2024-06-30 16:36:52,869: INFO: main: *******************]
[2024-06-30 16:36:52,869: INFO: main: >>>>>> stage Prepare base model started <<<<<<]
[2024-06-30 16:36:52,869: INFO: common: yaml file: config\config.yaml loaded successfully {'artifacts_root': 'artifacts', 'data_ingestion': {'root_dir': 'artifacts/data_ingestion', 'source_URL': 's3://image-dataset-mlops/kidney-image/kidney_scan_images.zip', 'local_data_file': 'artifacts/data_ingestion/data.zip', 'unzip_dir': 'artifacts/data_ingestion'}, 'prepare_base_model': {'root_dir': 'artifacts/prepare_base_model', 'base_model_path': 'artifacts/prepare_base_model/base_model.h5', 'updated_base_model_path': 'artifacts/prepare_base_model/base_model_updated.h5'}, 'training': {'root_dir': 'artifacts/training', 'trained_model_path': 'artifacts/training/model.h5'}}]
[2024-06-30 16:36:52,869: INFO: common: yaml file: params.yaml loaded successfully {'AUGMENTATION': True, 'IMAGE_SIZE': [224, 224, 3], 'BATCH_SIZE': 16, 'INCLUDE_TOP': False, 'EPOCHS': 5, 'CLASSES': 2, 'WEIGHTS': 'imagenet', 'LEARNING_RATE': 0.01}]
[2024-06-30 16:36:52,869: INFO: common: created directory at: artifacts]
[2024-06-30 16:36:52,869: INFO: common: created directory at: artifacts/prepare_base_model]
[2024-06-30 16:36:53,404: WARNING: saving_utils: Compiled the loaded model, but the compiled metrics have yet to be built. `model.compile_metrics` will be empty until you train or evaluate the model.]
[2024-06-30 16:36:53,583: INFO: main: >>>>>> stage Prepare base model completed <<<<<<

x==========x]
[2024-06-30 16:36:53,583: INFO: main: *******************]
[2024-06-30 16:36:53,583: INFO: main: >>>>>> stage Training the model started <<<<<<]
[2024-06-30 16:36:53,583: INFO: common: yaml file: config\config.yaml loaded successfully {'artifacts_root': 'artifacts', 'data_ingestion': {'root_dir': 'artifacts/data_ingestion', 'source_URL': 's3://image-dataset-mlops/kidney-image/kidney_scan_images.zip', 'local_data_file': 'artifacts/data_ingestion/data.zip', 'unzip_dir': 'artifacts/data_ingestion'}, 'prepare_base_model': {'root_dir': 'artifacts/prepare_base_model', 'base_model_path': 'artifacts/prepare_base_model/base_model.h5', 'updated_base_model_path': 'artifacts/prepare_base_model/base_model_updated.h5'}, 'training': {'root_dir': 'artifacts/training', 'trained_model_path': 'artifacts/training/model.h5'}}]
[2024-06-30 16:36:53,583: INFO: common: yaml file: params.yaml loaded successfully {'AUGMENTATION': True, 'IMAGE_SIZE': [224, 224, 3], 'BATCH_SIZE': 16, 'INCLUDE_TOP': False, 'EPOCHS': 5, 'CLASSES': 2, 'WEIGHTS': 'imagenet', 'LEARNING_RATE': 0.01}]
[2024-06-30 16:36:53,583: INFO: common: created directory at: artifacts]
[2024-06-30 16:36:53,583: INFO: common: created directory at: artifacts\training]
[2024-06-30 16:39:43,057: INFO: main: >>>>>> stage Training the model completed <<<<<<

x==========x]
[2024-06-30 22:58:02,351: INFO: common: yaml file: config\config.yaml loaded successfully {'artifacts_root': 'artifacts', 'data_ingestion': {'root_dir': 'artifacts/data_ingestion', 'source_URL': 's3://image-dataset-mlops/kidney-image/kidney_scan_images.zip', 'local_data_file': 'artifacts/data_ingestion/data.zip', 'unzip_dir': 'artifacts/data_ingestion'}, 'prepare_base_model': {'root_dir': 'artifacts/prepare_base_model', 'base_model_path': 'artifacts/prepare_base_model/base_model.h5', 'updated_base_model_path': 'artifacts/prepare_base_model/base_model_updated.h5'}, 'training': {'root_dir': 'artifacts/training', 'trained_model_path': 'artifacts/training/model.h5'}}]
[2024-06-30 22:58:02,353: INFO: common: yaml file: params.yaml loaded successfully {'AUGMENTATION': True, 'IMAGE_SIZE': [224, 224, 3], 'BATCH_SIZE': 16, 'INCLUDE_TOP': False, 'EPOCHS': 5, 'CLASSES': 2, 'WEIGHTS': 'imagenet', 'LEARNING_RATE': 0.01}]
[2024-06-30 22:58:02,356: INFO: common: created directory at: artifacts]
[2024-06-30 22:58:13,721: INFO: common: json file saved at: scores.json]
[2024-06-30 22:58:15,883: WARNING: save: Found untraced functions such as _jit_compiled_convolution_op, _jit_compiled_convolution_op, _jit_compiled_convolution_op, _jit_compiled_convolution_op, _jit_compiled_convolution_op while saving (showing 5 of 14). These functions will not be directly callable after loading.]
[2024-06-30 22:58:16,386: INFO: builder_impl: Assets written to: C:\Users\vprat\AppData\Local\Temp\tmp7hsxx53m\model\data\model\assets]
[2024-06-30 23:18:15,379: INFO: common: yaml file: config\config.yaml loaded successfully {'artifacts_root': 'artifacts', 'data_ingestion': {'root_dir': 'artifacts/data_ingestion', 'source_URL': 's3://image-dataset-mlops/kidney-image/kidney_scan_images.zip', 'local_data_file': 'artifacts/data_ingestion/data.zip', 'unzip_dir': 'artifacts/data_ingestion'}, 'prepare_base_model': {'root_dir': 'artifacts/prepare_base_model', 'base_model_path': 'artifacts/prepare_base_model/base_model.h5', 'updated_base_model_path': 'artifacts/prepare_base_model/base_model_updated.h5'}, 'training': {'root_dir': 'artifacts/training', 'trained_model_path': 'artifacts/training/model.h5'}}]
[2024-06-30 23:18:15,387: INFO: common: yaml file: params.yaml loaded successfully {'AUGMENTATION': True, 'IMAGE_SIZE': [224, 224, 3], 'BATCH_SIZE': 16, 'INCLUDE_TOP': False, 'EPOCHS': 3, 'CLASSES': 2, 'WEIGHTS': 'imagenet', 'LEARNING_RATE': 0.04}]
[2024-06-30 23:18:15,387: INFO: common: created directory at: artifacts]
[2024-06-30 23:18:25,297: INFO: common: json file saved at: scores.json]
[2024-06-30 23:18:27,166: WARNING: save: Found untraced functions such as _jit_compiled_convolution_op, _jit_compiled_convolution_op, _jit_compiled_convolution_op, _jit_compiled_convolution_op, _jit_compiled_convolution_op while saving (showing 5 of 14). These functions will not be directly callable after loading.]
[2024-06-30 23:18:27,616: INFO: builder_impl: Assets written to: C:\Users\vprat\AppData\Local\Temp\tmpobcgo8xv\model\data\model\assets]
[2024-06-30 23:25:51,373: INFO: common: yaml file: config\config.yaml loaded successfully {'artifacts_root': 'artifacts', 'data_ingestion': {'root_dir': 'artifacts/data_ingestion', 'source_URL': 's3://image-dataset-mlops/kidney-image/kidney_scan_images.zip', 'local_data_file': 'artifacts/data_ingestion/data.zip', 'unzip_dir': 'artifacts/data_ingestion'}, 'prepare_base_model': {'root_dir': 'artifacts/prepare_base_model', 'base_model_path': 'artifacts/prepare_base_model/base_model.h5', 'updated_base_model_path': 'artifacts/prepare_base_model/base_model_updated.h5'}, 'training': {'root_dir': 'artifacts/training', 'trained_model_path': 'artifacts/training/model.h5'}}]
[2024-06-30 23:25:51,382: INFO: common: yaml file: params.yaml loaded successfully {'AUGMENTATION': False, 'IMAGE_SIZE': [224, 224, 3], 'BATCH_SIZE': 16, 'INCLUDE_TOP': False, 'EPOCHS': 4, 'CLASSES': 2, 'WEIGHTS': 'imagenet', 'LEARNING_RATE': 0.05}]
[2024-06-30 23:25:51,382: INFO: common: created directory at: artifacts]
[2024-06-30 23:26:24,432: INFO: common: json file saved at: scores.json]
[2024-06-30 23:26:28,081: WARNING: save: Found untraced functions such as _jit_compiled_convolution_op, _jit_compiled_convolution_op, _jit_compiled_convolution_op, _jit_compiled_convolution_op, _jit_compiled_convolution_op while saving (showing 5 of 14). These functions will not be directly callable after loading.]
[2024-06-30 23:26:29,197: INFO: builder_impl: Assets written to: C:\Users\vprat\AppData\Local\Temp\tmpbch39pla\model\data\model\assets]
[2024-07-01 00:31:02,939: INFO: main: >>>> stage Data Ingestion Stage has started <<<<<]
[2024-07-01 00:31:02,941: INFO: common: yaml file: config\config.yaml loaded successfully {'artifacts_root': 'artifacts', 'data_ingestion': {'root_dir': 'artifacts/data_ingestion', 'source_URL': 's3://image-dataset-mlops/kidney-image/kidney_scan_images.zip', 'local_data_file': 'artifacts/data_ingestion/data.zip', 'unzip_dir': 'artifacts/data_ingestion'}, 'prepare_base_model': {'root_dir': 'artifacts/prepare_base_model', 'base_model_path': 'artifacts/prepare_base_model/base_model.h5', 'updated_base_model_path': 'artifacts/prepare_base_model/base_model_updated.h5'}, 'training': {'root_dir': 'artifacts/training', 'trained_model_path': 'artifacts/training/model.h5'}}]
[2024-07-01 00:31:02,952: INFO: common: yaml file: params.yaml loaded successfully {'AUGMENTATION': True, 'IMAGE_SIZE': [224, 224, 3], 'BATCH_SIZE': 16, 'INCLUDE_TOP': False, 'EPOCHS': 5, 'CLASSES': 2, 'WEIGHTS': 'imagenet', 'LEARNING_RATE': 0.01}]
[2024-07-01 00:31:02,954: INFO: common: created directory at: artifacts]
[2024-07-01 00:31:02,954: INFO: common: created directory at: artifacts/data_ingestion]
[2024-07-01 00:31:02,954: INFO: data_ingestion: Downloading data from s3://image-dataset-mlops/kidney-image/kidney_scan_images.zip into file artifacts/data_ingestion/data.zip]
[2024-07-01 00:31:02,991: INFO: credentials: Found credentials in shared credentials file: ~/.aws/credentials]
[2024-07-01 00:31:21,829: INFO: data_ingestion: Downloaded data from image-dataset-mlops/kidney-image/kidney_scan_images.zip into file artifacts/data_ingestion/data.zip]
[2024-07-01 00:31:23,282: INFO: main: >>>> stage Data Ingestion Stage has completed <<<<<]
[2024-07-01 00:31:23,290: INFO: main: *******************]
[2024-07-01 00:31:23,290: INFO: main: >>>>>> stage Prepare base model started <<<<<<]
[2024-07-01 00:31:23,290: INFO: common: yaml file: config\config.yaml loaded successfully {'artifacts_root': 'artifacts', 'data_ingestion': {'root_dir': 'artifacts/data_ingestion', 'source_URL': 's3://image-dataset-mlops/kidney-image/kidney_scan_images.zip', 'local_data_file': 'artifacts/data_ingestion/data.zip', 'unzip_dir': 'artifacts/data_ingestion'}, 'prepare_base_model': {'root_dir': 'artifacts/prepare_base_model', 'base_model_path': 'artifacts/prepare_base_model/base_model.h5', 'updated_base_model_path': 'artifacts/prepare_base_model/base_model_updated.h5'}, 'training': {'root_dir': 'artifacts/training', 'trained_model_path': 'artifacts/training/model.h5'}}]
[2024-07-01 00:31:23,298: INFO: common: yaml file: params.yaml loaded successfully {'AUGMENTATION': True, 'IMAGE_SIZE': [224, 224, 3], 'BATCH_SIZE': 16, 'INCLUDE_TOP': False, 'EPOCHS': 5, 'CLASSES': 2, 'WEIGHTS': 'imagenet', 'LEARNING_RATE': 0.01}]
[2024-07-01 00:31:23,298: INFO: common: created directory at: artifacts]
[2024-07-01 00:31:23,298: INFO: common: created directory at: artifacts/prepare_base_model]
[2024-07-01 00:31:24,130: WARNING: saving_utils: Compiled the loaded model, but the compiled metrics have yet to be built. `model.compile_metrics` will be empty until you train or evaluate the model.]
[2024-07-01 00:31:24,513: INFO: main: >>>>>> stage Prepare base model completed <<<<<<

x==========x]
[2024-07-01 00:31:24,513: INFO: main: *******************]
[2024-07-01 00:31:24,513: INFO: main: >>>>>> stage Training the model started <<<<<<]
[2024-07-01 00:31:24,521: INFO: common: yaml file: config\config.yaml loaded successfully {'artifacts_root': 'artifacts', 'data_ingestion': {'root_dir': 'artifacts/data_ingestion', 'source_URL': 's3://image-dataset-mlops/kidney-image/kidney_scan_images.zip', 'local_data_file': 'artifacts/data_ingestion/data.zip', 'unzip_dir': 'artifacts/data_ingestion'}, 'prepare_base_model': {'root_dir': 'artifacts/prepare_base_model', 'base_model_path': 'artifacts/prepare_base_model/base_model.h5', 'updated_base_model_path': 'artifacts/prepare_base_model/base_model_updated.h5'}, 'training': {'root_dir': 'artifacts/training', 'trained_model_path': 'artifacts/training/model.h5'}}]
[2024-07-01 00:31:24,523: INFO: common: yaml file: params.yaml loaded successfully {'AUGMENTATION': True, 'IMAGE_SIZE': [224, 224, 3], 'BATCH_SIZE': 16, 'INCLUDE_TOP': False, 'EPOCHS': 5, 'CLASSES': 2, 'WEIGHTS': 'imagenet', 'LEARNING_RATE': 0.01}]
[2024-07-01 00:31:24,527: INFO: common: created directory at: artifacts]
[2024-07-01 00:31:24,539: INFO: common: created directory at: artifacts\training]
[2024-07-01 00:45:35,263: INFO: main: >>>>>> stage Training the model completed <<<<<<

x==========x]
[2024-07-01 00:45:35,279: INFO: main: *******************]
[2024-07-01 00:45:35,287: INFO: main: >>>>>> stage Evaluation stage started <<<<<<]
[2024-07-01 00:45:35,303: INFO: common: yaml file: config\config.yaml loaded successfully {'artifacts_root': 'artifacts', 'data_ingestion': {'root_dir': 'artifacts/data_ingestion', 'source_URL': 's3://image-dataset-mlops/kidney-image/kidney_scan_images.zip', 'local_data_file': 'artifacts/data_ingestion/data.zip', 'unzip_dir': 'artifacts/data_ingestion'}, 'prepare_base_model': {'root_dir': 'artifacts/prepare_base_model', 'base_model_path': 'artifacts/prepare_base_model/base_model.h5', 'updated_base_model_path': 'artifacts/prepare_base_model/base_model_updated.h5'}, 'training': {'root_dir': 'artifacts/training', 'trained_model_path': 'artifacts/training/model.h5'}}]
[2024-07-01 00:45:35,311: INFO: common: yaml file: params.yaml loaded successfully {'AUGMENTATION': True, 'IMAGE_SIZE': [224, 224, 3], 'BATCH_SIZE': 16, 'INCLUDE_TOP': False, 'EPOCHS': 5, 'CLASSES': 2, 'WEIGHTS': 'imagenet', 'LEARNING_RATE': 0.01}]
[2024-07-01 00:45:35,311: INFO: common: created directory at: artifacts]
[2024-07-01 00:46:38,907: INFO: common: json file saved at: scores.json]
[2024-07-01 00:46:38,909: INFO: common: json file saved at: scores.json]
[2024-07-01 00:46:44,100: WARNING: save: Found untraced functions such as _jit_compiled_convolution_op, _jit_compiled_convolution_op, _jit_compiled_convolution_op, _jit_compiled_convolution_op, _jit_compiled_convolution_op while saving (showing 5 of 14). These functions will not be directly callable after loading.]
[2024-07-01 00:46:46,019: INFO: builder_impl: Assets written to: C:\Users\vprat\AppData\Local\Temp\tmpjqwi0oj4\model\data\model\assets]
[2024-07-01 00:46:56,583: INFO: main: >>>>>> stage Evaluation stage completed <<<<<<

x==========x]
[2024-07-01 00:49:58,538: INFO: main: >>>> stage Data Ingestion Stage has started <<<<<]
[2024-07-01 00:49:58,538: INFO: common: yaml file: config\config.yaml loaded successfully {'artifacts_root': 'artifacts', 'data_ingestion': {'root_dir': 'artifacts/data_ingestion', 'source_URL': 's3://image-dataset-mlops/kidney-image/kidney_scan_images.zip', 'local_data_file': 'artifacts/data_ingestion/data.zip', 'unzip_dir': 'artifacts/data_ingestion'}, 'prepare_base_model': {'root_dir': 'artifacts/prepare_base_model', 'base_model_path': 'artifacts/prepare_base_model/base_model.h5', 'updated_base_model_path': 'artifacts/prepare_base_model/base_model_updated.h5'}, 'training': {'root_dir': 'artifacts/training', 'trained_model_path': 'artifacts/training/model.h5'}}]
[2024-07-01 00:49:58,538: INFO: common: yaml file: params.yaml loaded successfully {'AUGMENTATION': True, 'IMAGE_SIZE': [224, 224, 3], 'BATCH_SIZE': 16, 'INCLUDE_TOP': False, 'EPOCHS': 3, 'CLASSES': 2, 'WEIGHTS': 'imagenet', 'LEARNING_RATE': 0.01}]
[2024-07-01 00:49:58,549: INFO: common: created directory at: artifacts]
[2024-07-01 00:49:58,550: INFO: common: created directory at: artifacts/data_ingestion]
[2024-07-01 00:49:58,550: INFO: data_ingestion: Downloading data from s3://image-dataset-mlops/kidney-image/kidney_scan_images.zip into file artifacts/data_ingestion/data.zip]
[2024-07-01 00:49:58,578: INFO: credentials: Found credentials in shared credentials file: ~/.aws/credentials]
[2024-07-01 00:50:14,528: INFO: data_ingestion: Downloaded data from image-dataset-mlops/kidney-image/kidney_scan_images.zip into file artifacts/data_ingestion/data.zip]
[2024-07-01 00:50:15,719: INFO: main: >>>> stage Data Ingestion Stage has completed <<<<<]
[2024-07-01 00:50:15,719: INFO: main: *******************]
[2024-07-01 00:50:15,719: INFO: main: >>>>>> stage Prepare base model started <<<<<<]
[2024-07-01 00:50:15,719: INFO: common: yaml file: config\config.yaml loaded successfully {'artifacts_root': 'artifacts', 'data_ingestion': {'root_dir': 'artifacts/data_ingestion', 'source_URL': 's3://image-dataset-mlops/kidney-image/kidney_scan_images.zip', 'local_data_file': 'artifacts/data_ingestion/data.zip', 'unzip_dir': 'artifacts/data_ingestion'}, 'prepare_base_model': {'root_dir': 'artifacts/prepare_base_model', 'base_model_path': 'artifacts/prepare_base_model/base_model.h5', 'updated_base_model_path': 'artifacts/prepare_base_model/base_model_updated.h5'}, 'training': {'root_dir': 'artifacts/training', 'trained_model_path': 'artifacts/training/model.h5'}}]
[2024-07-01 00:50:15,727: INFO: common: yaml file: params.yaml loaded successfully {'AUGMENTATION': True, 'IMAGE_SIZE': [224, 224, 3], 'BATCH_SIZE': 16, 'INCLUDE_TOP': False, 'EPOCHS': 3, 'CLASSES': 2, 'WEIGHTS': 'imagenet', 'LEARNING_RATE': 0.01}]
[2024-07-01 00:50:15,727: INFO: common: created directory at: artifacts]
[2024-07-01 00:50:15,727: INFO: common: created directory at: artifacts/prepare_base_model]
[2024-07-01 00:50:16,633: WARNING: saving_utils: Compiled the loaded model, but the compiled metrics have yet to be built. `model.compile_metrics` will be empty until you train or evaluate the model.]
[2024-07-01 00:50:17,081: INFO: main: >>>>>> stage Prepare base model completed <<<<<<

x==========x]
[2024-07-01 00:50:17,081: INFO: main: *******************]
[2024-07-01 00:50:17,081: INFO: main: >>>>>> stage Training the model started <<<<<<]
[2024-07-01 00:50:17,081: INFO: common: yaml file: config\config.yaml loaded successfully {'artifacts_root': 'artifacts', 'data_ingestion': {'root_dir': 'artifacts/data_ingestion', 'source_URL': 's3://image-dataset-mlops/kidney-image/kidney_scan_images.zip', 'local_data_file': 'artifacts/data_ingestion/data.zip', 'unzip_dir': 'artifacts/data_ingestion'}, 'prepare_base_model': {'root_dir': 'artifacts/prepare_base_model', 'base_model_path': 'artifacts/prepare_base_model/base_model.h5', 'updated_base_model_path': 'artifacts/prepare_base_model/base_model_updated.h5'}, 'training': {'root_dir': 'artifacts/training', 'trained_model_path': 'artifacts/training/model.h5'}}]
[2024-07-01 00:50:17,089: INFO: common: yaml file: params.yaml loaded successfully {'AUGMENTATION': True, 'IMAGE_SIZE': [224, 224, 3], 'BATCH_SIZE': 16, 'INCLUDE_TOP': False, 'EPOCHS': 3, 'CLASSES': 2, 'WEIGHTS': 'imagenet', 'LEARNING_RATE': 0.01}]
[2024-07-01 00:50:17,089: INFO: common: created directory at: artifacts]
[2024-07-01 00:50:17,089: INFO: common: created directory at: artifacts\training]
[2024-07-01 00:56:00,059: INFO: main: >>>>>> stage Training the model completed <<<<<<

x==========x]
[2024-07-01 00:56:00,059: INFO: main: *******************]
[2024-07-01 00:56:00,059: INFO: main: >>>>>> stage Evaluation stage started <<<<<<]
[2024-07-01 00:56:00,149: INFO: common: yaml file: config\config.yaml loaded successfully {'artifacts_root': 'artifacts', 'data_ingestion': {'root_dir': 'artifacts/data_ingestion', 'source_URL': 's3://image-dataset-mlops/kidney-image/kidney_scan_images.zip', 'local_data_file': 'artifacts/data_ingestion/data.zip', 'unzip_dir': 'artifacts/data_ingestion'}, 'prepare_base_model': {'root_dir': 'artifacts/prepare_base_model', 'base_model_path': 'artifacts/prepare_base_model/base_model.h5', 'updated_base_model_path': 'artifacts/prepare_base_model/base_model_updated.h5'}, 'training': {'root_dir': 'artifacts/training', 'trained_model_path': 'artifacts/training/model.h5'}}]
[2024-07-01 00:56:00,157: INFO: common: yaml file: params.yaml loaded successfully {'AUGMENTATION': True, 'IMAGE_SIZE': [224, 224, 3], 'BATCH_SIZE': 16, 'INCLUDE_TOP': False, 'EPOCHS': 3, 'CLASSES': 2, 'WEIGHTS': 'imagenet', 'LEARNING_RATE': 0.01}]
[2024-07-01 00:56:00,157: INFO: common: created directory at: artifacts]
[2024-07-01 00:56:52,813: INFO: common: json file saved at: scores.json]
[2024-07-01 00:56:52,813: INFO: common: json file saved at: scores.json]
[2024-07-01 00:56:54,173: WARNING: save: Found untraced functions such as _jit_compiled_convolution_op, _jit_compiled_convolution_op, _jit_compiled_convolution_op, _jit_compiled_convolution_op, _jit_compiled_convolution_op while saving (showing 5 of 14). These functions will not be directly callable after loading.]
[2024-07-01 00:56:54,825: INFO: builder_impl: Assets written to: C:\Users\vprat\AppData\Local\Temp\tmppyle19c9\model\data\model\assets]
[2024-07-01 00:57:04,932: INFO: main: >>>>>> stage Evaluation stage completed <<<<<<

x==========x]
[2024-07-01 01:00:21,535: INFO: common: yaml file: config\config.yaml loaded successfully {'artifacts_root': 'artifacts', 'data_ingestion': {'root_dir': 'artifacts/data_ingestion', 'source_URL': 's3://image-dataset-mlops/kidney-image/kidney_scan_images.zip', 'local_data_file': 'artifacts/data_ingestion/data.zip', 'unzip_dir': 'artifacts/data_ingestion'}, 'prepare_base_model': {'root_dir': 'artifacts/prepare_base_model', 'base_model_path': 'artifacts/prepare_base_model/base_model.h5', 'updated_base_model_path': 'artifacts/prepare_base_model/base_model_updated.h5'}, 'training': {'root_dir': 'artifacts/training', 'trained_model_path': 'artifacts/training/model.h5'}}]
[2024-07-01 01:00:21,538: INFO: common: yaml file: params.yaml loaded successfully {'AUGMENTATION': True, 'IMAGE_SIZE': [224, 224, 3], 'BATCH_SIZE': 16, 'INCLUDE_TOP': False, 'EPOCHS': 3, 'CLASSES': 2, 'WEIGHTS': 'imagenet', 'LEARNING_RATE': 0.01}]
[2024-07-01 01:00:21,540: INFO: common: created directory at: artifacts]
[2024-07-01 01:00:32,489: INFO: common: json file saved at: scores.json]
[2024-07-01 01:00:34,163: WARNING: save: Found untraced functions such as _jit_compiled_convolution_op, _jit_compiled_convolution_op, _jit_compiled_convolution_op, _jit_compiled_convolution_op, _jit_compiled_convolution_op while saving (showing 5 of 14). These functions will not be directly callable after loading.]
[2024-07-01 01:00:34,680: INFO: builder_impl: Assets written to: C:\Users\vprat\AppData\Local\Temp\tmpcwxplt7g\model\data\model\assets]
[2024-07-01 01:09:55,171: INFO: main: >>>> stage Data Ingestion Stage has started <<<<<]
[2024-07-01 01:09:55,171: INFO: common: yaml file: config\config.yaml loaded successfully {'artifacts_root': 'artifacts', 'data_ingestion': {'root_dir': 'artifacts/data_ingestion', 'source_URL': 's3://image-dataset-mlops/kidney-image/kidney_scan_images.zip', 'local_data_file': 'artifacts/data_ingestion/data.zip', 'unzip_dir': 'artifacts/data_ingestion'}, 'prepare_base_model': {'root_dir': 'artifacts/prepare_base_model', 'base_model_path': 'artifacts/prepare_base_model/base_model.h5', 'updated_base_model_path': 'artifacts/prepare_base_model/base_model_updated.h5'}, 'training': {'root_dir': 'artifacts/training', 'trained_model_path': 'artifacts/training/model.h5'}}]
[2024-07-01 01:09:55,171: INFO: common: yaml file: params.yaml loaded successfully {'AUGMENTATION': True, 'IMAGE_SIZE': [224, 224, 3], 'BATCH_SIZE': 16, 'INCLUDE_TOP': False, 'EPOCHS': 3, 'CLASSES': 2, 'WEIGHTS': 'imagenet', 'LEARNING_RATE': 0.01}]
[2024-07-01 01:09:55,171: INFO: common: created directory at: artifacts]
[2024-07-01 01:09:55,171: INFO: common: created directory at: artifacts/data_ingestion]
[2024-07-01 01:09:55,171: INFO: data_ingestion: Downloading data from s3://image-dataset-mlops/kidney-image/kidney_scan_images.zip into file artifacts/data_ingestion/data.zip]
[2024-07-01 01:09:55,193: INFO: credentials: Found credentials in shared credentials file: ~/.aws/credentials]
[2024-07-01 01:10:13,010: INFO: data_ingestion: Downloaded data from image-dataset-mlops/kidney-image/kidney_scan_images.zip into file artifacts/data_ingestion/data.zip]
[2024-07-01 01:10:13,676: INFO: main: >>>> stage Data Ingestion Stage has completed <<<<<]
[2024-07-01 01:10:13,676: INFO: main: *******************]
[2024-07-01 01:10:13,676: INFO: main: >>>>>> stage Prepare base model started <<<<<<]
[2024-07-01 01:10:13,690: INFO: common: yaml file: config\config.yaml loaded successfully {'artifacts_root': 'artifacts', 'data_ingestion': {'root_dir': 'artifacts/data_ingestion', 'source_URL': 's3://image-dataset-mlops/kidney-image/kidney_scan_images.zip', 'local_data_file': 'artifacts/data_ingestion/data.zip', 'unzip_dir': 'artifacts/data_ingestion'}, 'prepare_base_model': {'root_dir': 'artifacts/prepare_base_model', 'base_model_path': 'artifacts/prepare_base_model/base_model.h5', 'updated_base_model_path': 'artifacts/prepare_base_model/base_model_updated.h5'}, 'training': {'root_dir': 'artifacts/training', 'trained_model_path': 'artifacts/training/model.h5'}}]
[2024-07-01 01:10:13,690: INFO: common: yaml file: params.yaml loaded successfully {'AUGMENTATION': True, 'IMAGE_SIZE': [224, 224, 3], 'BATCH_SIZE': 16, 'INCLUDE_TOP': False, 'EPOCHS': 3, 'CLASSES': 2, 'WEIGHTS': 'imagenet', 'LEARNING_RATE': 0.01}]
[2024-07-01 01:10:13,690: INFO: common: created directory at: artifacts]
[2024-07-01 01:10:13,690: INFO: common: created directory at: artifacts/prepare_base_model]
[2024-07-01 01:10:13,991: WARNING: saving_utils: Compiled the loaded model, but the compiled metrics have yet to be built. `model.compile_metrics` will be empty until you train or evaluate the model.]
[2024-07-01 01:10:14,173: INFO: main: >>>>>> stage Prepare base model completed <<<<<<

x==========x]
[2024-07-01 01:10:14,173: INFO: main: *******************]
[2024-07-01 01:10:14,173: INFO: main: >>>>>> stage Training the model started <<<<<<]
[2024-07-01 01:10:14,178: INFO: common: yaml file: config\config.yaml loaded successfully {'artifacts_root': 'artifacts', 'data_ingestion': {'root_dir': 'artifacts/data_ingestion', 'source_URL': 's3://image-dataset-mlops/kidney-image/kidney_scan_images.zip', 'local_data_file': 'artifacts/data_ingestion/data.zip', 'unzip_dir': 'artifacts/data_ingestion'}, 'prepare_base_model': {'root_dir': 'artifacts/prepare_base_model', 'base_model_path': 'artifacts/prepare_base_model/base_model.h5', 'updated_base_model_path': 'artifacts/prepare_base_model/base_model_updated.h5'}, 'training': {'root_dir': 'artifacts/training', 'trained_model_path': 'artifacts/training/model.h5'}}]
[2024-07-01 01:10:14,180: INFO: common: yaml file: params.yaml loaded successfully {'AUGMENTATION': True, 'IMAGE_SIZE': [224, 224, 3], 'BATCH_SIZE': 16, 'INCLUDE_TOP': False, 'EPOCHS': 3, 'CLASSES': 2, 'WEIGHTS': 'imagenet', 'LEARNING_RATE': 0.01}]
[2024-07-01 01:10:14,180: INFO: common: created directory at: artifacts]
[2024-07-01 01:10:14,180: INFO: common: created directory at: artifacts\training]
[2024-07-01 01:16:36,101: INFO: main: >>>>>> stage Training the model completed <<<<<<

x==========x]
[2024-07-01 01:16:36,102: INFO: main: *******************]
[2024-07-01 01:16:36,103: INFO: main: >>>>>> stage Evaluation stage started <<<<<<]
[2024-07-01 01:16:36,107: INFO: common: yaml file: config\config.yaml loaded successfully {'artifacts_root': 'artifacts', 'data_ingestion': {'root_dir': 'artifacts/data_ingestion', 'source_URL': 's3://image-dataset-mlops/kidney-image/kidney_scan_images.zip', 'local_data_file': 'artifacts/data_ingestion/data.zip', 'unzip_dir': 'artifacts/data_ingestion'}, 'prepare_base_model': {'root_dir': 'artifacts/prepare_base_model', 'base_model_path': 'artifacts/prepare_base_model/base_model.h5', 'updated_base_model_path': 'artifacts/prepare_base_model/base_model_updated.h5'}, 'training': {'root_dir': 'artifacts/training', 'trained_model_path': 'artifacts/training/model.h5'}}]
[2024-07-01 01:16:36,109: INFO: common: yaml file: params.yaml loaded successfully {'AUGMENTATION': True, 'IMAGE_SIZE': [224, 224, 3], 'BATCH_SIZE': 16, 'INCLUDE_TOP': False, 'EPOCHS': 3, 'CLASSES': 2, 'WEIGHTS': 'imagenet', 'LEARNING_RATE': 0.01}]
[2024-07-01 01:16:36,110: INFO: common: created directory at: artifacts]
[2024-07-01 01:17:22,798: INFO: common: json file saved at: scores.json]
[2024-07-01 01:17:22,800: INFO: common: json file saved at: scores.json]
[2024-07-01 01:17:24,945: WARNING: save: Found untraced functions such as _jit_compiled_convolution_op, _jit_compiled_convolution_op, _jit_compiled_convolution_op, _jit_compiled_convolution_op, _jit_compiled_convolution_op while saving (showing 5 of 14). These functions will not be directly callable after loading.]
[2024-07-01 01:17:25,872: INFO: builder_impl: Assets written to: C:\Users\vprat\AppData\Local\Temp\tmpsa_jwsg0\model\data\model\assets]
[2024-07-01 01:17:35,277: INFO: main: >>>>>> stage Evaluation stage completed <<<<<<

x==========x]
[2024-07-01 01:22:43,117: INFO: main: >>>> stage Data Ingestion Stage has started <<<<<]
[2024-07-01 01:22:43,117: INFO: common: yaml file: config\config.yaml loaded successfully {'artifacts_root': 'artifacts', 'data_ingestion': {'root_dir': 'artifacts/data_ingestion', 'source_URL': 's3://image-dataset-mlops/kidney-image/kidney_scan_images.zip', 'local_data_file': 'artifacts/data_ingestion/data.zip', 'unzip_dir': 'artifacts/data_ingestion'}, 'prepare_base_model': {'root_dir': 'artifacts/prepare_base_model', 'base_model_path': 'artifacts/prepare_base_model/base_model.h5', 'updated_base_model_path': 'artifacts/prepare_base_model/base_model_updated.h5'}, 'training': {'root_dir': 'artifacts/training', 'trained_model_path': 'artifacts/training/model.h5'}}]
[2024-07-01 01:22:43,117: INFO: common: yaml file: params.yaml loaded successfully {'AUGMENTATION': True, 'IMAGE_SIZE': [224, 224, 3], 'BATCH_SIZE': 16, 'INCLUDE_TOP': False, 'EPOCHS': 3, 'CLASSES': 2, 'WEIGHTS': 'imagenet', 'LEARNING_RATE': 0.01}]
[2024-07-01 01:22:43,117: INFO: common: created directory at: artifacts]
[2024-07-01 01:22:43,117: INFO: common: created directory at: artifacts/data_ingestion]
[2024-07-01 01:22:43,117: INFO: data_ingestion: Downloading data from s3://image-dataset-mlops/kidney-image/kidney_scan_images.zip into file artifacts/data_ingestion/data.zip]
[2024-07-01 01:22:43,117: INFO: credentials: Found credentials in shared credentials file: ~/.aws/credentials]
[2024-07-01 01:22:55,456: INFO: data_ingestion: Downloaded data from image-dataset-mlops/kidney-image/kidney_scan_images.zip into file artifacts/data_ingestion/data.zip]
[2024-07-01 01:22:56,083: INFO: main: >>>> stage Data Ingestion Stage has completed <<<<<]
[2024-07-01 01:22:56,083: INFO: main: *******************]
[2024-07-01 01:22:56,083: INFO: main: >>>>>> stage Prepare base model started <<<<<<]
[2024-07-01 01:22:56,083: INFO: common: yaml file: config\config.yaml loaded successfully {'artifacts_root': 'artifacts', 'data_ingestion': {'root_dir': 'artifacts/data_ingestion', 'source_URL': 's3://image-dataset-mlops/kidney-image/kidney_scan_images.zip', 'local_data_file': 'artifacts/data_ingestion/data.zip', 'unzip_dir': 'artifacts/data_ingestion'}, 'prepare_base_model': {'root_dir': 'artifacts/prepare_base_model', 'base_model_path': 'artifacts/prepare_base_model/base_model.h5', 'updated_base_model_path': 'artifacts/prepare_base_model/base_model_updated.h5'}, 'training': {'root_dir': 'artifacts/training', 'trained_model_path': 'artifacts/training/model.h5'}}]
[2024-07-01 01:22:56,083: INFO: common: yaml file: params.yaml loaded successfully {'AUGMENTATION': True, 'IMAGE_SIZE': [224, 224, 3], 'BATCH_SIZE': 16, 'INCLUDE_TOP': False, 'EPOCHS': 3, 'CLASSES': 2, 'WEIGHTS': 'imagenet', 'LEARNING_RATE': 0.01}]
[2024-07-01 01:22:56,083: INFO: common: created directory at: artifacts]
[2024-07-01 01:22:56,083: INFO: common: created directory at: artifacts/prepare_base_model]
[2024-07-01 01:22:56,393: WARNING: saving_utils: Compiled the loaded model, but the compiled metrics have yet to be built. `model.compile_metrics` will be empty until you train or evaluate the model.]
[2024-07-01 01:22:56,563: INFO: main: >>>>>> stage Prepare base model completed <<<<<<

x==========x]
[2024-07-01 01:22:56,564: INFO: main: *******************]
[2024-07-01 01:22:56,564: INFO: main: >>>>>> stage Training the model started <<<<<<]
[2024-07-01 01:22:56,566: INFO: common: yaml file: config\config.yaml loaded successfully {'artifacts_root': 'artifacts', 'data_ingestion': {'root_dir': 'artifacts/data_ingestion', 'source_URL': 's3://image-dataset-mlops/kidney-image/kidney_scan_images.zip', 'local_data_file': 'artifacts/data_ingestion/data.zip', 'unzip_dir': 'artifacts/data_ingestion'}, 'prepare_base_model': {'root_dir': 'artifacts/prepare_base_model', 'base_model_path': 'artifacts/prepare_base_model/base_model.h5', 'updated_base_model_path': 'artifacts/prepare_base_model/base_model_updated.h5'}, 'training': {'root_dir': 'artifacts/training', 'trained_model_path': 'artifacts/training/model.h5'}}]
[2024-07-01 01:22:56,569: INFO: common: yaml file: params.yaml loaded successfully {'AUGMENTATION': True, 'IMAGE_SIZE': [224, 224, 3], 'BATCH_SIZE': 16, 'INCLUDE_TOP': False, 'EPOCHS': 3, 'CLASSES': 2, 'WEIGHTS': 'imagenet', 'LEARNING_RATE': 0.01}]
[2024-07-01 01:22:56,570: INFO: common: created directory at: artifacts]
[2024-07-01 01:22:56,570: INFO: common: created directory at: artifacts\training]
[2024-07-01 01:27:34,615: INFO: main: >>>>>> stage Training the model completed <<<<<<

x==========x]
[2024-07-01 01:27:34,616: INFO: main: *******************]
[2024-07-01 01:27:34,617: INFO: main: >>>>>> stage Evaluation stage started <<<<<<]
[2024-07-01 01:27:34,621: INFO: common: yaml file: config\config.yaml loaded successfully {'artifacts_root': 'artifacts', 'data_ingestion': {'root_dir': 'artifacts/data_ingestion', 'source_URL': 's3://image-dataset-mlops/kidney-image/kidney_scan_images.zip', 'local_data_file': 'artifacts/data_ingestion/data.zip', 'unzip_dir': 'artifacts/data_ingestion'}, 'prepare_base_model': {'root_dir': 'artifacts/prepare_base_model', 'base_model_path': 'artifacts/prepare_base_model/base_model.h5', 'updated_base_model_path': 'artifacts/prepare_base_model/base_model_updated.h5'}, 'training': {'root_dir': 'artifacts/training', 'trained_model_path': 'artifacts/training/model.h5'}}]
[2024-07-01 01:27:34,624: INFO: common: yaml file: params.yaml loaded successfully {'AUGMENTATION': True, 'IMAGE_SIZE': [224, 224, 3], 'BATCH_SIZE': 16, 'INCLUDE_TOP': False, 'EPOCHS': 3, 'CLASSES': 2, 'WEIGHTS': 'imagenet', 'LEARNING_RATE': 0.01}]
[2024-07-01 01:27:34,625: INFO: common: created directory at: artifacts]
[2024-07-01 01:28:21,923: INFO: common: json file saved at: scores.json]
[2024-07-01 01:28:21,925: INFO: common: json file saved at: scores.json]
[2024-07-01 01:28:24,847: WARNING: save: Found untraced functions such as _jit_compiled_convolution_op, _jit_compiled_convolution_op, _jit_compiled_convolution_op, _jit_compiled_convolution_op, _jit_compiled_convolution_op while saving (showing 5 of 14). These functions will not be directly callable after loading.]
[2024-07-01 01:28:25,730: INFO: builder_impl: Assets written to: C:\Users\vprat\AppData\Local\Temp\tmpqbxe19ob\model\data\model\assets]
[2024-07-01 01:30:17,206: INFO: main: >>>>>> stage Evaluation stage completed <<<<<<

x==========x]
[2024-07-01 01:32:07,082: INFO: main: >>>> stage Data Ingestion Stage has started <<<<<]
[2024-07-01 01:32:07,082: INFO: common: yaml file: config\config.yaml loaded successfully {'artifacts_root': 'artifacts', 'data_ingestion': {'root_dir': 'artifacts/data_ingestion', 'source_URL': 's3://image-dataset-mlops/kidney-image/kidney_scan_images.zip', 'local_data_file': 'artifacts/data_ingestion/data.zip', 'unzip_dir': 'artifacts/data_ingestion'}, 'prepare_base_model': {'root_dir': 'artifacts/prepare_base_model', 'base_model_path': 'artifacts/prepare_base_model/base_model.h5', 'updated_base_model_path': 'artifacts/prepare_base_model/base_model_updated.h5'}, 'training': {'root_dir': 'artifacts/training', 'trained_model_path': 'artifacts/training/model.h5'}}]
[2024-07-01 01:32:07,091: INFO: common: yaml file: params.yaml loaded successfully {'AUGMENTATION': True, 'IMAGE_SIZE': [224, 224, 3], 'BATCH_SIZE': 16, 'INCLUDE_TOP': False, 'EPOCHS': 5, 'CLASSES': 2, 'WEIGHTS': 'imagenet', 'LEARNING_RATE': 0.04}]
[2024-07-01 01:32:07,091: INFO: common: created directory at: artifacts]
[2024-07-01 01:32:07,096: INFO: common: created directory at: artifacts/data_ingestion]
[2024-07-01 01:32:07,098: INFO: data_ingestion: Downloading data from s3://image-dataset-mlops/kidney-image/kidney_scan_images.zip into file artifacts/data_ingestion/data.zip]
[2024-07-01 01:32:07,111: INFO: credentials: Found credentials in shared credentials file: ~/.aws/credentials]
[2024-07-01 01:32:21,676: INFO: data_ingestion: Downloaded data from image-dataset-mlops/kidney-image/kidney_scan_images.zip into file artifacts/data_ingestion/data.zip]
[2024-07-01 01:32:22,523: INFO: main: >>>> stage Data Ingestion Stage has completed <<<<<]
[2024-07-01 01:32:22,523: INFO: main: *******************]
[2024-07-01 01:32:22,524: INFO: main: >>>>>> stage Prepare base model started <<<<<<]
[2024-07-01 01:32:22,526: INFO: common: yaml file: config\config.yaml loaded successfully {'artifacts_root': 'artifacts', 'data_ingestion': {'root_dir': 'artifacts/data_ingestion', 'source_URL': 's3://image-dataset-mlops/kidney-image/kidney_scan_images.zip', 'local_data_file': 'artifacts/data_ingestion/data.zip', 'unzip_dir': 'artifacts/data_ingestion'}, 'prepare_base_model': {'root_dir': 'artifacts/prepare_base_model', 'base_model_path': 'artifacts/prepare_base_model/base_model.h5', 'updated_base_model_path': 'artifacts/prepare_base_model/base_model_updated.h5'}, 'training': {'root_dir': 'artifacts/training', 'trained_model_path': 'artifacts/training/model.h5'}}]
[2024-07-01 01:32:22,528: INFO: common: yaml file: params.yaml loaded successfully {'AUGMENTATION': True, 'IMAGE_SIZE': [224, 224, 3], 'BATCH_SIZE': 16, 'INCLUDE_TOP': False, 'EPOCHS': 5, 'CLASSES': 2, 'WEIGHTS': 'imagenet', 'LEARNING_RATE': 0.04}]
[2024-07-01 01:32:22,529: INFO: common: created directory at: artifacts]
[2024-07-01 01:32:22,530: INFO: common: created directory at: artifacts/prepare_base_model]
[2024-07-01 01:32:23,125: WARNING: saving_utils: Compiled the loaded model, but the compiled metrics have yet to be built. `model.compile_metrics` will be empty until you train or evaluate the model.]
[2024-07-01 01:32:23,390: INFO: main: >>>>>> stage Prepare base model completed <<<<<<

x==========x]
[2024-07-01 01:32:23,391: INFO: main: *******************]
[2024-07-01 01:32:23,391: INFO: main: >>>>>> stage Training the model started <<<<<<]
[2024-07-01 01:32:23,395: INFO: common: yaml file: config\config.yaml loaded successfully {'artifacts_root': 'artifacts', 'data_ingestion': {'root_dir': 'artifacts/data_ingestion', 'source_URL': 's3://image-dataset-mlops/kidney-image/kidney_scan_images.zip', 'local_data_file': 'artifacts/data_ingestion/data.zip', 'unzip_dir': 'artifacts/data_ingestion'}, 'prepare_base_model': {'root_dir': 'artifacts/prepare_base_model', 'base_model_path': 'artifacts/prepare_base_model/base_model.h5', 'updated_base_model_path': 'artifacts/prepare_base_model/base_model_updated.h5'}, 'training': {'root_dir': 'artifacts/training', 'trained_model_path': 'artifacts/training/model.h5'}}]
[2024-07-01 01:32:23,396: INFO: common: yaml file: params.yaml loaded successfully {'AUGMENTATION': True, 'IMAGE_SIZE': [224, 224, 3], 'BATCH_SIZE': 16, 'INCLUDE_TOP': False, 'EPOCHS': 5, 'CLASSES': 2, 'WEIGHTS': 'imagenet', 'LEARNING_RATE': 0.04}]
[2024-07-01 01:32:23,397: INFO: common: created directory at: artifacts]
[2024-07-01 01:32:23,400: INFO: common: created directory at: artifacts\training]
[2024-07-01 01:46:11,096: INFO: main: >>>>>> stage Training the model completed <<<<<<

x==========x]
[2024-07-01 01:46:11,098: INFO: main: *******************]
[2024-07-01 01:46:11,099: INFO: main: >>>>>> stage Evaluation stage started <<<<<<]
[2024-07-01 01:46:11,113: INFO: common: yaml file: config\config.yaml loaded successfully {'artifacts_root': 'artifacts', 'data_ingestion': {'root_dir': 'artifacts/data_ingestion', 'source_URL': 's3://image-dataset-mlops/kidney-image/kidney_scan_images.zip', 'local_data_file': 'artifacts/data_ingestion/data.zip', 'unzip_dir': 'artifacts/data_ingestion'}, 'prepare_base_model': {'root_dir': 'artifacts/prepare_base_model', 'base_model_path': 'artifacts/prepare_base_model/base_model.h5', 'updated_base_model_path': 'artifacts/prepare_base_model/base_model_updated.h5'}, 'training': {'root_dir': 'artifacts/training', 'trained_model_path': 'artifacts/training/model.h5'}}]
[2024-07-01 01:46:11,119: INFO: common: yaml file: params.yaml loaded successfully {'AUGMENTATION': True, 'IMAGE_SIZE': [224, 224, 3], 'BATCH_SIZE': 16, 'INCLUDE_TOP': False, 'EPOCHS': 5, 'CLASSES': 2, 'WEIGHTS': 'imagenet', 'LEARNING_RATE': 0.04}]
[2024-07-01 01:46:11,121: INFO: common: created directory at: artifacts]
[2024-07-01 01:47:04,781: INFO: common: json file saved at: scores.json]
[2024-07-01 01:47:04,783: INFO: common: json file saved at: scores.json]
[2024-07-01 01:47:08,879: WARNING: save: Found untraced functions such as _jit_compiled_convolution_op, _jit_compiled_convolution_op, _jit_compiled_convolution_op, _jit_compiled_convolution_op, _jit_compiled_convolution_op while saving (showing 5 of 14). These functions will not be directly callable after loading.]
[2024-07-01 01:47:09,824: INFO: builder_impl: Assets written to: C:\Users\vprat\AppData\Local\Temp\tmpu0o39hh1\model\data\model\assets]
[2024-07-01 01:49:17,058: INFO: main: >>>>>> stage Evaluation stage completed <<<<<<

x==========x]
[2024-07-01 01:51:08,942: INFO: main: >>>> stage Data Ingestion Stage has started <<<<<]
[2024-07-01 01:51:08,945: INFO: common: yaml file: config\config.yaml loaded successfully {'artifacts_root': 'artifacts', 'data_ingestion': {'root_dir': 'artifacts/data_ingestion', 'source_URL': 's3://image-dataset-mlops/kidney-image/kidney_scan_images.zip', 'local_data_file': 'artifacts/data_ingestion/data.zip', 'unzip_dir': 'artifacts/data_ingestion'}, 'prepare_base_model': {'root_dir': 'artifacts/prepare_base_model', 'base_model_path': 'artifacts/prepare_base_model/base_model.h5', 'updated_base_model_path': 'artifacts/prepare_base_model/base_model_updated.h5'}, 'training': {'root_dir': 'artifacts/training', 'trained_model_path': 'artifacts/training/model.h5'}}]
[2024-07-01 01:51:08,959: INFO: common: yaml file: params.yaml loaded successfully {'AUGMENTATION': False, 'IMAGE_SIZE': [224, 224, 3], 'BATCH_SIZE': 16, 'INCLUDE_TOP': False, 'EPOCHS': 2, 'CLASSES': 2, 'WEIGHTS': 'imagenet', 'LEARNING_RATE': 0.08}]
[2024-07-01 01:51:08,972: INFO: common: created directory at: artifacts]
[2024-07-01 01:51:08,974: INFO: common: created directory at: artifacts/data_ingestion]
[2024-07-01 01:51:08,975: INFO: data_ingestion: Downloading data from s3://image-dataset-mlops/kidney-image/kidney_scan_images.zip into file artifacts/data_ingestion/data.zip]
[2024-07-01 01:51:09,004: INFO: credentials: Found credentials in shared credentials file: ~/.aws/credentials]
[2024-07-01 01:51:23,122: INFO: data_ingestion: Downloaded data from image-dataset-mlops/kidney-image/kidney_scan_images.zip into file artifacts/data_ingestion/data.zip]
[2024-07-01 01:51:24,472: INFO: main: >>>> stage Data Ingestion Stage has completed <<<<<]
[2024-07-01 01:51:24,472: INFO: main: *******************]
[2024-07-01 01:51:24,472: INFO: main: >>>>>> stage Prepare base model started <<<<<<]
[2024-07-01 01:51:24,478: INFO: common: yaml file: config\config.yaml loaded successfully {'artifacts_root': 'artifacts', 'data_ingestion': {'root_dir': 'artifacts/data_ingestion', 'source_URL': 's3://image-dataset-mlops/kidney-image/kidney_scan_images.zip', 'local_data_file': 'artifacts/data_ingestion/data.zip', 'unzip_dir': 'artifacts/data_ingestion'}, 'prepare_base_model': {'root_dir': 'artifacts/prepare_base_model', 'base_model_path': 'artifacts/prepare_base_model/base_model.h5', 'updated_base_model_path': 'artifacts/prepare_base_model/base_model_updated.h5'}, 'training': {'root_dir': 'artifacts/training', 'trained_model_path': 'artifacts/training/model.h5'}}]
[2024-07-01 01:51:24,480: INFO: common: yaml file: params.yaml loaded successfully {'AUGMENTATION': False, 'IMAGE_SIZE': [224, 224, 3], 'BATCH_SIZE': 16, 'INCLUDE_TOP': False, 'EPOCHS': 2, 'CLASSES': 2, 'WEIGHTS': 'imagenet', 'LEARNING_RATE': 0.08}]
[2024-07-01 01:51:24,480: INFO: common: created directory at: artifacts]
[2024-07-01 01:51:24,483: INFO: common: created directory at: artifacts/prepare_base_model]
[2024-07-01 01:51:25,309: WARNING: saving_utils: Compiled the loaded model, but the compiled metrics have yet to be built. `model.compile_metrics` will be empty until you train or evaluate the model.]
[2024-07-01 01:51:25,717: INFO: main: >>>>>> stage Prepare base model completed <<<<<<

x==========x]
[2024-07-01 01:51:25,717: INFO: main: *******************]
[2024-07-01 01:51:25,717: INFO: main: >>>>>> stage Training the model started <<<<<<]
[2024-07-01 01:51:25,724: INFO: common: yaml file: config\config.yaml loaded successfully {'artifacts_root': 'artifacts', 'data_ingestion': {'root_dir': 'artifacts/data_ingestion', 'source_URL': 's3://image-dataset-mlops/kidney-image/kidney_scan_images.zip', 'local_data_file': 'artifacts/data_ingestion/data.zip', 'unzip_dir': 'artifacts/data_ingestion'}, 'prepare_base_model': {'root_dir': 'artifacts/prepare_base_model', 'base_model_path': 'artifacts/prepare_base_model/base_model.h5', 'updated_base_model_path': 'artifacts/prepare_base_model/base_model_updated.h5'}, 'training': {'root_dir': 'artifacts/training', 'trained_model_path': 'artifacts/training/model.h5'}}]
[2024-07-01 01:51:25,728: INFO: common: yaml file: params.yaml loaded successfully {'AUGMENTATION': False, 'IMAGE_SIZE': [224, 224, 3], 'BATCH_SIZE': 16, 'INCLUDE_TOP': False, 'EPOCHS': 2, 'CLASSES': 2, 'WEIGHTS': 'imagenet', 'LEARNING_RATE': 0.08}]
[2024-07-01 01:51:25,728: INFO: common: created directory at: artifacts]
[2024-07-01 01:51:25,728: INFO: common: created directory at: artifacts\training]
[2024-07-01 01:56:42,331: INFO: main: >>>>>> stage Training the model completed <<<<<<

x==========x]
[2024-07-01 01:56:42,331: INFO: main: *******************]
[2024-07-01 01:56:42,331: INFO: main: >>>>>> stage Evaluation stage started <<<<<<]
[2024-07-01 01:56:42,338: INFO: common: yaml file: config\config.yaml loaded successfully {'artifacts_root': 'artifacts', 'data_ingestion': {'root_dir': 'artifacts/data_ingestion', 'source_URL': 's3://image-dataset-mlops/kidney-image/kidney_scan_images.zip', 'local_data_file': 'artifacts/data_ingestion/data.zip', 'unzip_dir': 'artifacts/data_ingestion'}, 'prepare_base_model': {'root_dir': 'artifacts/prepare_base_model', 'base_model_path': 'artifacts/prepare_base_model/base_model.h5', 'updated_base_model_path': 'artifacts/prepare_base_model/base_model_updated.h5'}, 'training': {'root_dir': 'artifacts/training', 'trained_model_path': 'artifacts/training/model.h5'}}]
[2024-07-01 01:56:42,345: INFO: common: yaml file: params.yaml loaded successfully {'AUGMENTATION': False, 'IMAGE_SIZE': [224, 224, 3], 'BATCH_SIZE': 16, 'INCLUDE_TOP': False, 'EPOCHS': 2, 'CLASSES': 2, 'WEIGHTS': 'imagenet', 'LEARNING_RATE': 0.08}]
[2024-07-01 01:56:42,348: INFO: common: created directory at: artifacts]
[2024-07-01 01:57:32,951: INFO: common: json file saved at: scores.json]
[2024-07-01 01:57:32,951: INFO: common: json file saved at: scores.json]
[2024-07-01 01:57:36,818: WARNING: save: Found untraced functions such as _jit_compiled_convolution_op, _jit_compiled_convolution_op, _jit_compiled_convolution_op, _jit_compiled_convolution_op, _jit_compiled_convolution_op while saving (showing 5 of 14). These functions will not be directly callable after loading.]
[2024-07-01 01:57:37,799: INFO: builder_impl: Assets written to: C:\Users\vprat\AppData\Local\Temp\tmp504hi9tt\model\data\model\assets]
[2024-07-01 01:59:30,970: INFO: main: >>>>>> stage Evaluation stage completed <<<<<<

x==========x]
